  main.cpp
C:\Users\jimmy\Documents\GitHub\Scoundrel\Scoundrel\Scoundrel\main.cpp(15,27): warning C4834: discarding return value of function with 'nodiscard' attribute
C:\Users\jimmy\Documents\GitHub\Scoundrel\Scoundrel\Scoundrel\main.cpp(18,23): warning C4834: discarding return value of function with 'nodiscard' attribute
C:\Users\jimmy\Documents\GitHub\Scoundrel\Scoundrel\Scoundrel\main.cpp(46,81): warning C4244: 'argument': conversion from 'T' to 'T', possible loss of data
          with
          [
              T=unsigned int
          ]
          and
          [
              T=float
          ]
C:\Users\jimmy\Documents\GitHub\Scoundrel\Scoundrel\Scoundrel\main.cpp(46,55): warning C4244: 'argument': conversion from 'T' to 'T', possible loss of data
          with
          [
              T=unsigned int
          ]
          and
          [
              T=float
          ]
  Generating code
  1 of 251 functions ( 0.4%) were compiled, the rest were copied from previous compilation.
    0 functions were new in current compilation
    1 functions had inline decision re-evaluated but remain unchanged
  Finished generating code
  Scoundrel.vcxproj -> C:\Users\jimmy\Documents\GitHub\Scoundrel\Scoundrel\x64\Release\Scoundrel.exe
